# HELP dapr_grpc_io_client_completed_rpcs Count of RPCs by method and status.
# TYPE dapr_grpc_io_client_completed_rpcs counter
dapr_grpc_io_client_completed_rpcs{app_id="dp-618b5e4aa5ebc3924db86860-executorapp",grpc_client_method="/dapr.proto.operator.v1.Operator/ListComponents",grpc_client_status="OK"} 1
dapr_grpc_io_client_completed_rpcs{app_id="dp-618b5e4aa5ebc3924db86860-executorapp",grpc_client_method="/dapr.proto.sentry.v1.CA/SignCertificate",grpc_client_status="OK"} 2
# HELP dapr_grpc_io_client_received_bytes_per_rpc Total bytes received across all response messages per RPC.
# TYPE dapr_grpc_io_client_received_bytes_per_rpc histogram
dapr_grpc_io_client_received_bytes_per_rpc_bucket{app_id="dp-618b5e4aa5ebc3924db86860-executorapp",grpc_client_method="",le="1024"} 0
dapr_grpc_io_client_received_bytes_per_rpc_bucket{app_id="dp-618b5e4aa5ebc3924db86860-executorapp",grpc_client_method="",le="+Inf"} 3
dapr_grpc_io_client_received_bytes_per_rpc_sum{app_id="dp-618b5e4aa5ebc3924db86860-executorapp",grpc_client_method=""} 9734
dapr_grpc_io_client_received_bytes_per_rpc_count{app_id="dp-618b5e4aa5ebc3924db86860-executorapp",grpc_client_method=""} 3
# HELP dapr_grpc_io_client_roundtrip_latency Time between first byte of request sent to last byte of response received, or terminal error.
# TYPE dapr_grpc_io_client_roundtrip_latency histogram
dapr_grpc_io_client_roundtrip_latency_bucket{app_id="dp-618b5e4aa5ebc3924db86860-executorapp",grpc_client_method="/dapr.proto.operator.v1.Operator/ListComponents",grpc_client_status="OK",le="1"} 0
dapr_grpc_io_client_roundtrip_latency_sum{app_id="dp-618b5e4aa5ebc3924db86860-executorapp",grpc_client_method="/dapr.proto.operator.v1.Operator/ListComponents",grpc_client_status="OK"} 18
dapr_grpc_io_client_roundtrip_latency_count{app_id="dp-618b5e4aa5ebc3924db86860-executorapp",grpc_client_method="/dapr.proto.operator.v1.Operator/ListComponents",grpc_client_status="OK"} 1
dapr_grpc_io_client_roundtrip_latency_bucket{app_id="dp-618b5e4aa5ebc3924db86860-executorapp",grpc_client_method="/dapr.proto.sentry.v1.CA/SignCertificate",grpc_client_status="OK",le="1"} 0
dapr_grpc_io_client_roundtrip_latency_sum{app_id="dp-618b5e4aa5ebc3924db86860-executorapp",grpc_client_method="/dapr.proto.sentry.v1.CA/SignCertificate",grpc_client_status="OK"} 268
dapr_grpc_io_client_roundtrip_latency_count{app_id="dp-618b5e4aa5ebc3924db86860-executorapp",grpc_client_method="/dapr.proto.sentry.v1.CA/SignCertificate",grpc_client_status="OK"} 2
# HELP dapr_grpc_io_client_sent_bytes_per_rpc Total bytes sent across all request messages per RPC.
# TYPE dapr_grpc_io_client_sent_bytes_per_rpc histogram
dapr_grpc_io_client_sent_bytes_per_rpc_bucket{app_id="dp-618b5e4aa5ebc3924db86860-executorapp",grpc_client_method="/dapr.proto.operator.v1.Operator/ListComponents",le="1024"} 1
dapr_grpc_io_client_sent_bytes_per_rpc_bucket{app_id="dp-618b5e4aa5ebc3924db86860-executorapp",grpc_client_method="/dapr.proto.operator.v1.Operator/ListComponents",le="+Inf"} 1
dapr_grpc_io_client_sent_bytes_per_rpc_sum{app_id="dp-618b5e4aa5ebc3924db86860-executorapp",grpc_client_method="/dapr.proto.operator.v1.Operator/ListComponents"} 0
dapr_grpc_io_client_sent_bytes_per_rpc_count{app_id="dp-618b5e4aa5ebc3924db86860-executorapp",grpc_client_method="/dapr.proto.operator.v1.Operator/ListComponents"} 1
dapr_grpc_io_client_sent_bytes_per_rpc_bucket{app_id="dp-618b5e4aa5ebc3924db86860-executorapp",grpc_client_method="/dapr.proto.sentry.v1.CA/SignCertificate",le="4.294967296e+09"} 2
dapr_grpc_io_client_sent_bytes_per_rpc_bucket{app_id="dp-618b5e4aa5ebc3924db86860-executorapp",grpc_client_method="/dapr.proto.sentry.v1.CA/SignCertificate",le="+Inf"} 2
dapr_grpc_io_client_sent_bytes_per_rpc_sum{app_id="dp-618b5e4aa5ebc3924db86860-executorapp",grpc_client_method="/dapr.proto.sentry.v1.CA/SignCertificate"} 3160
dapr_grpc_io_client_sent_bytes_per_rpc_count{app_id="dp-618b5e4aa5ebc3924db86860-executorapp",grpc_client_method="/dapr.proto.sentry.v1.CA/SignCertificate"} 2
# HELP dapr_grpc_io_server_completed_rpcs Distribution of bytes sent per RPC, by method.
# TYPE dapr_grpc_io_server_completed_rpcs counter
dapr_grpc_io_server_completed_rpcs{app_id="dp-618b5e4aa5ebc3924db86860-executorapp",grpc_server_method="/dapr.proto.internals.v1.ServiceInvocation/CallLocal",grpc_server_status="OK"} 1.438153e+06
# HELP dapr_grpc_io_server_received_bytes_per_rpc Total bytes received across all messages per RPC.
# TYPE dapr_grpc_io_server_received_bytes_per_rpc histogram
dapr_grpc_io_server_received_bytes_per_rpc_bucket{app_id="dp-618b5e4aa5ebc3924db86860-executorapp",grpc_server_method="/dapr.proto.internals.v1.ServiceInvocation/CallLocal",le="1024"} 0
dapr_grpc_io_server_received_bytes_per_rpc_sum{app_id="dp-618b5e4aa5ebc3924db86860-executorapp",grpc_server_method="/dapr.proto.internals.v1.ServiceInvocation/CallLocal"} 4.831012861999906e+09
dapr_grpc_io_server_received_bytes_per_rpc_count{app_id="dp-618b5e4aa5ebc3924db86860-executorapp",grpc_server_method="/dapr.proto.internals.v1.ServiceInvocation/CallLocal"} 1.438153e+06
# HELP dapr_grpc_io_server_sent_bytes_per_rpc Total bytes sent in across all response messages per RPC.
# TYPE dapr_grpc_io_server_sent_bytes_per_rpc histogram
dapr_grpc_io_server_sent_bytes_per_rpc_bucket{app_id="dp-618b5e4aa5ebc3924db86860-executorapp",grpc_server_method="/dapr.proto.internals.v1.ServiceInvocation/CallLocal",le="1024"} 1.438153e+06
dapr_grpc_io_server_sent_bytes_per_rpc_sum{app_id="dp-618b5e4aa5ebc3924db86860-executorapp",grpc_server_method="/dapr.proto.internals.v1.ServiceInvocation/CallLocal"} 2.762525969999958e+08
dapr_grpc_io_server_sent_bytes_per_rpc_count{app_id="dp-618b5e4aa5ebc3924db86860-executorapp",grpc_server_method="/dapr.proto.internals.v1.ServiceInvocation/CallLocal"} 1.438153e+06
# HELP dapr_grpc_io_server_server_latency Time between first byte of request received to last byte of response sent, or terminal error.
# TYPE dapr_grpc_io_server_server_latency histogram
dapr_grpc_io_server_server_latency_bucket{app_id="dp-618b5e4aa5ebc3924db86860-executorapp",grpc_server_method="/dapr.proto.internals.v1.ServiceInvocation/CallLocal",le="1"} 4043
dapr_grpc_io_server_server_latency_sum{app_id="dp-618b5e4aa5ebc3924db86860-executorapp",grpc_server_method="/dapr.proto.internals.v1.ServiceInvocation/CallLocal"} 8.135487200000264e+07
dapr_grpc_io_server_server_latency_count{app_id="dp-618b5e4aa5ebc3924db86860-executorapp",grpc_server_method="/dapr.proto.internals.v1.ServiceInvocation/CallLocal"} 1.438153e+06
# HELP dapr_http_client_completed_count Count of completed requests
# TYPE dapr_http_client_completed_count counter
dapr_http_client_completed_count{app_id="dp-618b5e4aa5ebc3924db86860-executorapp",method="GET",path="dapr/config",status="404"} 1
dapr_http_client_completed_count{app_id="dp-618b5e4aa5ebc3924db86860-executorapp",method="POST",path="api/v1/executor/",status="200"} 1.434038e+06
dapr_http_client_completed_count{app_id="dp-618b5e4aa5ebc3924db86860-executorapp",method="POST",path="api/v1/executor/",status="500"} 4115
# HELP dapr_http_client_received_bytes Total bytes received in response bodies (not including headers but including error responses with bodies)
# TYPE dapr_http_client_received_bytes histogram
dapr_http_client_received_bytes_bucket{app_id="dp-618b5e4aa5ebc3924db86860-executorapp",le="1024"} 1.438154e+06
dapr_http_client_received_bytes_sum{app_id="dp-618b5e4aa5ebc3924db86860-executorapp"} 5.879558000000163e+07
dapr_http_client_received_bytes_count{app_id="dp-618b5e4aa5ebc3924db86860-executorapp"} 1.438154e+06
# HELP dapr_http_client_roundtrip_latency Time between first byte of request headers sent to last byte of response received, or terminal error
# TYPE dapr_http_client_roundtrip_latency histogram
dapr_http_client_roundtrip_latency_bucket{app_id="dp-618b5e4aa5ebc3924db86860-executorapp",method="GET",path="dapr/config",status="404",le="1"} 0
dapr_http_client_roundtrip_latency_sum{app_id="dp-618b5e4aa5ebc3924db86860-executorapp",method="GET",path="dapr/config",status="404"} 3
dapr_http_client_roundtrip_latency_count{app_id="dp-618b5e4aa5ebc3924db86860-executorapp",method="GET",path="dapr/config",status="404"} 1
dapr_http_client_roundtrip_latency_bucket{app_id="dp-618b5e4aa5ebc3924db86860-executorapp",method="POST",path="api/v1/executor/",status="200",le="1"} 0
dapr_http_client_roundtrip_latency_sum{app_id="dp-618b5e4aa5ebc3924db86860-executorapp",method="POST",path="api/v1/executor/",status="200"} 8.116101000000165e+07
dapr_http_client_roundtrip_latency_count{app_id="dp-618b5e4aa5ebc3924db86860-executorapp",method="POST",path="api/v1/executor/",status="200"} 1.434038e+06
dapr_http_client_roundtrip_latency_bucket{app_id="dp-618b5e4aa5ebc3924db86860-executorapp",method="POST",path="api/v1/executor/",status="500",le="1"} 4069
dapr_http_client_roundtrip_latency_sum{app_id="dp-618b5e4aa5ebc3924db86860-executorapp",method="POST",path="api/v1/executor/",status="500"} 1350.0000000000018
dapr_http_client_roundtrip_latency_count{app_id="dp-618b5e4aa5ebc3924db86860-executorapp",method="POST",path="api/v1/executor/",status="500"} 4115
# HELP dapr_http_client_sent_bytes Total bytes sent in request body (not including headers)
# TYPE dapr_http_client_sent_bytes histogram
dapr_http_client_sent_bytes_bucket{app_id="dp-618b5e4aa5ebc3924db86860-executorapp",method="GET",path="dapr/config",status="",le="1024"} 1
dapr_http_client_sent_bytes_sum{app_id="dp-618b5e4aa5ebc3924db86860-executorapp",method="GET",path="dapr/config",status=""} 0
dapr_http_client_sent_bytes_count{app_id="dp-618b5e4aa5ebc3924db86860-executorapp",method="GET",path="dapr/config",status=""} 1
dapr_http_client_sent_bytes_bucket{app_id="dp-618b5e4aa5ebc3924db86860-executorapp",method="POST",path="api/v1/executor/",status="",le="1024"} 1.148934e+06
dapr_http_client_sent_bytes_sum{app_id="dp-618b5e4aa5ebc3924db86860-executorapp",method="POST",path="api/v1/executor/",status=""} 4.021261891000088e+09
dapr_http_client_sent_bytes_count{app_id="dp-618b5e4aa5ebc3924db86860-executorapp",method="POST",path="api/v1/executor/",status=""} 1.438153e+06
# HELP dapr_http_server_latency HTTP request end to end latency in server.
# TYPE dapr_http_server_latency histogram
dapr_http_server_latency_bucket{app_id="dp-618b5e4aa5ebc3924db86860-executorapp",method="GET",path="/v1.0/healthz",status="204",le="1"} 34659
dapr_http_server_latency_sum{app_id="dp-618b5e4aa5ebc3924db86860-executorapp",method="GET",path="/v1.0/healthz",status="204"} 29.0000000000002
dapr_http_server_latency_count{app_id="dp-618b5e4aa5ebc3924db86860-executorapp",method="GET",path="/v1.0/healthz",status="204"} 34664
dapr_http_server_latency_bucket{app_id="dp-618b5e4aa5ebc3924db86860-executorapp",method="GET",path="/v1.0/healthz",status="500",le="1"} 4
dapr_http_server_latency_bucket{app_id="dp-618b5e4aa5ebc3924db86860-executorapp",method="GET",path="/v1.0/healthz",status="500",le="+Inf"} 4
dapr_http_server_latency_sum{app_id="dp-618b5e4aa5ebc3924db86860-executorapp",method="GET",path="/v1.0/healthz",status="500"} 0
dapr_http_server_latency_count{app_id="dp-618b5e4aa5ebc3924db86860-executorapp",method="GET",path="/v1.0/healthz",status="500"} 4
# HELP dapr_http_server_request_bytes HTTP request body size if set as ContentLength (uncompressed) in server.
# TYPE dapr_http_server_request_bytes histogram
dapr_http_server_request_bytes_bucket{app_id="dp-618b5e4aa5ebc3924db86860-executorapp",le="1024"} 34668
dapr_http_server_request_bytes_sum{app_id="dp-618b5e4aa5ebc3924db86860-executorapp"} 0
dapr_http_server_request_bytes_count{app_id="dp-618b5e4aa5ebc3924db86860-executorapp"} 34668
# HELP dapr_http_server_request_count Number of HTTP requests started in server.
# TYPE dapr_http_server_request_count counter
dapr_http_server_request_count{app_id="dp-618b5e4aa5ebc3924db86860-executorapp",method="GET",path="/v1.0/healthz"} 34668
# HELP dapr_http_server_response_bytes HTTP response body size (uncompressed) in server.
# TYPE dapr_http_server_response_bytes histogram
dapr_http_server_response_bytes_bucket{app_id="dp-618b5e4aa5ebc3924db86860-executorapp",le="1024"} 34668
dapr_http_server_response_bytes_sum{app_id="dp-618b5e4aa5ebc3924db86860-executorapp"} 263.9999999999975
dapr_http_server_response_bytes_count{app_id="dp-618b5e4aa5ebc3924db86860-executorapp"} 34668
# HELP dapr_http_server_response_count The number of HTTP responses
# TYPE dapr_http_server_response_count counter
dapr_http_server_response_count{app_id="dp-618b5e4aa5ebc3924db86860-executorapp",method="GET",path="/v1.0/healthz",status="204"} 34664
dapr_http_server_response_count{app_id="dp-618b5e4aa5ebc3924db86860-executorapp",method="GET",path="/v1.0/healthz",status="500"} 4
# HELP dapr_runtime_actor_status_report_total The number of the successful status reports to placement service.
# TYPE dapr_runtime_actor_status_report_total counter
dapr_runtime_actor_status_report_total{actor_type="",app_id="dp-618b5e4aa5ebc3924db86860-executorapp",operation="send"} 102957
# HELP dapr_runtime_actor_table_operation_recv_total The number of the received actor placement table operations.
# TYPE dapr_runtime_actor_table_operation_recv_total counter
dapr_runtime_actor_table_operation_recv_total{actor_type="",app_id="dp-618b5e4aa5ebc3924db86860-executorapp",operation="lock"} 1
dapr_runtime_actor_table_operation_recv_total{actor_type="",app_id="dp-618b5e4aa5ebc3924db86860-executorapp",operation="unlock"} 1
dapr_runtime_actor_table_operation_recv_total{actor_type="",app_id="dp-618b5e4aa5ebc3924db86860-executorapp",operation="update"} 1
# HELP dapr_runtime_component_init_total The number of initialized components.
# TYPE dapr_runtime_component_init_total counter
dapr_runtime_component_init_total{app_id="dp-618b5e4aa5ebc3924db86860-executorapp",component="secretstores.kubernetes"} 1
dapr_runtime_component_init_total{app_id="dp-618b5e4aa5ebc3924db86860-executorapp",component="state.redis"} 1
# HELP dapr_runtime_component_loaded The number of successfully loaded components.
# TYPE dapr_runtime_component_loaded counter
dapr_runtime_component_loaded{app_id="dp-618b5e4aa5ebc3924db86860-executorapp"} 2
# HELP dapr_runtime_mtls_init_total The number of successful mTLS authenticator initialization.
# TYPE dapr_runtime_mtls_init_total counter
dapr_runtime_mtls_init_total{app_id="dp-618b5e4aa5ebc3924db86860-executorapp"} 1
# HELP dapr_runtime_mtls_workload_cert_rotated_total The number of the successful workload certificate rotations.
# TYPE dapr_runtime_mtls_workload_cert_rotated_total counter
dapr_runtime_mtls_workload_cert_rotated_total{app_id="dp-618b5e4aa5ebc3924db86860-executorapp"} 1
# HELP go_gc_duration_seconds A summary of the pause duration of garbage collection cycles.
# TYPE go_gc_duration_seconds summary
go_gc_duration_seconds{quantile="0"} 3.6978e-05
go_gc_duration_seconds{quantile="0.25"} 5.3477e-05
go_gc_duration_seconds{quantile="0.5"} 7.0345e-05
go_gc_duration_seconds{quantile="0.75"} 0.000124969
go_gc_duration_seconds{quantile="1"} 1.194561462
go_gc_duration_seconds_sum 115.174482418
go_gc_duration_seconds_count 24726
# HELP go_goroutines Number of goroutines that currently exist.
# TYPE go_goroutines gauge
go_goroutines 71
# HELP go_info Information about the Go environment.
# TYPE go_info gauge
go_info{version="go1.16.6"} 1
# HELP go_memstats_alloc_bytes Number of bytes allocated and still in use.
# TYPE go_memstats_alloc_bytes gauge
go_memstats_alloc_bytes 1.6724536e+07
# HELP go_memstats_alloc_bytes_total Total number of bytes allocated, even if freed.
# TYPE go_memstats_alloc_bytes_total counter
go_memstats_alloc_bytes_total 2.92914070544e+11
# HELP go_memstats_buck_hash_sys_bytes Number of bytes used by the profiling bucket hash table.
# TYPE go_memstats_buck_hash_sys_bytes gauge
go_memstats_buck_hash_sys_bytes 1.949672e+06
# HELP go_memstats_frees_total Total number of frees.
# TYPE go_memstats_frees_total counter
go_memstats_frees_total 3.918788329e+09
# HELP go_memstats_gc_cpu_fraction The fraction of this program's available CPU time used by the GC since the program started.
# TYPE go_memstats_gc_cpu_fraction gauge
go_memstats_gc_cpu_fraction 0.001687761498839139
# HELP go_memstats_gc_sys_bytes Number of bytes used for garbage collection system metadata.
# TYPE go_memstats_gc_sys_bytes gauge
go_memstats_gc_sys_bytes 6.002072e+06
# HELP go_memstats_heap_alloc_bytes Number of heap bytes allocated and still in use.
# TYPE go_memstats_heap_alloc_bytes gauge
go_memstats_heap_alloc_bytes 1.6724536e+07
# HELP go_memstats_heap_idle_bytes Number of heap bytes waiting to be used.
# TYPE go_memstats_heap_idle_bytes gauge
go_memstats_heap_idle_bytes 4.3032576e+07
# HELP go_memstats_heap_inuse_bytes Number of heap bytes that are in use.
# TYPE go_memstats_heap_inuse_bytes gauge
go_memstats_heap_inuse_bytes 2.2437888e+07
# HELP go_memstats_heap_objects Number of allocated objects.
# TYPE go_memstats_heap_objects gauge
go_memstats_heap_objects 81912
# HELP go_memstats_heap_released_bytes Number of heap bytes released to OS.
# TYPE go_memstats_heap_released_bytes gauge
go_memstats_heap_released_bytes 3.4029568e+07
# HELP go_memstats_heap_sys_bytes Number of heap bytes obtained from system.
# TYPE go_memstats_heap_sys_bytes gauge
go_memstats_heap_sys_bytes 6.5470464e+07
# HELP go_memstats_last_gc_time_seconds Number of seconds since 1970 of last garbage collection.
# TYPE go_memstats_last_gc_time_seconds gauge
go_memstats_last_gc_time_seconds 1.6376506883243783e+09
# HELP go_memstats_lookups_total Total number of pointer lookups.
# TYPE go_memstats_lookups_total counter
go_memstats_lookups_total 0
# HELP go_memstats_mallocs_total Total number of mallocs.
# TYPE go_memstats_mallocs_total counter
go_memstats_mallocs_total 3.918870241e+09
# HELP go_memstats_mcache_inuse_bytes Number of bytes in use by mcache structures.
# TYPE go_memstats_mcache_inuse_bytes gauge
go_memstats_mcache_inuse_bytes 9600
# HELP go_memstats_mcache_sys_bytes Number of bytes used for mcache structures obtained from system.
# TYPE go_memstats_mcache_sys_bytes gauge
go_memstats_mcache_sys_bytes 16384
# HELP go_memstats_mspan_inuse_bytes Number of bytes in use by mspan structures.
# TYPE go_memstats_mspan_inuse_bytes gauge
go_memstats_mspan_inuse_bytes 281520
# HELP go_memstats_mspan_sys_bytes Number of bytes used for mspan structures obtained from system.
# TYPE go_memstats_mspan_sys_bytes gauge
go_memstats_mspan_sys_bytes 425984
# HELP go_memstats_next_gc_bytes Number of heap bytes when next garbage collection will take place.
# TYPE go_memstats_next_gc_bytes gauge
go_memstats_next_gc_bytes 2.7337616e+07
# HELP go_memstats_other_sys_bytes Number of bytes used for other system allocations.
# TYPE go_memstats_other_sys_bytes gauge
go_memstats_other_sys_bytes 1.84692e+06
# HELP go_memstats_stack_inuse_bytes Number of bytes in use by the stack allocator.
# TYPE go_memstats_stack_inuse_bytes gauge
go_memstats_stack_inuse_bytes 1.6384e+06
# HELP go_memstats_stack_sys_bytes Number of bytes obtained from system for stack allocator.
# TYPE go_memstats_stack_sys_bytes gauge
go_memstats_stack_sys_bytes 1.6384e+06
# HELP go_memstats_sys_bytes Number of bytes obtained from system.
# TYPE go_memstats_sys_bytes gauge
go_memstats_sys_bytes 7.7349896e+07
# HELP go_threads Number of OS threads created.
# TYPE go_threads gauge
go_threads 14
# HELP process_cpu_seconds_total Total user and system CPU time spent in seconds.
# TYPE process_cpu_seconds_total counter
process_cpu_seconds_total 6452.75
# HELP process_max_fds Maximum number of open file descriptors.
# TYPE process_max_fds gauge
process_max_fds 1.048576e+06
# HELP process_open_fds Number of open file descriptors.
# TYPE process_open_fds gauge
process_open_fds 30
# HELP process_resident_memory_bytes Resident memory size in bytes.
# TYPE process_resident_memory_bytes gauge
process_resident_memory_bytes 6.3000576e+07
# HELP process_start_time_seconds Start time of the process since unix epoch in seconds.
# TYPE process_start_time_seconds gauge
process_start_time_seconds 1.63754668706e+09
# HELP process_virtual_memory_bytes Virtual memory size in bytes.
# TYPE process_virtual_memory_bytes gauge
process_virtual_memory_bytes 8.16615424e+08
# HELP process_virtual_memory_max_bytes Maximum amount of virtual memory available in bytes.
# TYPE process_virtual_memory_max_bytes gauge
process_virtual_memory_max_bytes 1.8446744073709552e+19
# HELP statsd_metric_mapper_cache_gets_total The count of total metric cache gets.
# TYPE statsd_metric_mapper_cache_gets_total counter
statsd_metric_mapper_cache_gets_total 0
# HELP statsd_metric_mapper_cache_hits_total The count of total metric cache hits.
# TYPE statsd_metric_mapper_cache_hits_total counter
statsd_metric_mapper_cache_hits_total 0
# HELP statsd_metric_mapper_cache_length The count of unique metrics currently cached.
# TYPE statsd_metric_mapper_cache_length gauge
statsd_metric_mapper_cache_length 0
